<?xml version="1.0" encoding="UTF-8"?>
<testng-results skipped="0" failed="0" ignored="0" total="1" passed="1">
  <reporter-output>
    <line>
      <![CDATA[External link is verified]]>
    </line>
    <line>
      <![CDATA[It is featured link]]>
    </line>
    <line>
      <![CDATA[ The number of pdf links in “References“ ::9]]>
    </line>
    <line>
      <![CDATA[2nd option is Plutonium]]>
    </line>
  </reporter-output>
  <suite name="Default suite" duration-ms="34891" started-at="2019-09-13T18:15:01Z" finished-at="2019-09-13T18:15:36Z">
    <groups>
    </groups>
    <test name="Default test" duration-ms="34891" started-at="2019-09-13T18:15:01Z" finished-at="2019-09-13T18:15:36Z">
      <class name="Interview.Selenium.Wiki">
        <test-method status="PASS" signature="test()[pri:0, instance:Interview.Selenium.Wiki@1d8d30f7]" name="test" duration-ms="34800" started-at="2019-09-13T18:15:01Z" finished-at="2019-09-13T18:15:36Z">
          <reporter-output>
            <line>
              <![CDATA[External link is verified]]>
            </line>
            <line>
              <![CDATA[It is featured link]]>
            </line>
            <line>
              <![CDATA[ The number of pdf links in “References“ ::9]]>
            </line>
            <line>
              <![CDATA[2nd option is Plutonium]]>
            </line>
          </reporter-output>
        </test-method> <!-- test -->
      </class> <!-- Interview.Selenium.Wiki -->
    </test> <!-- Default test -->
  </suite> <!-- Default suite -->
</testng-results>
